#! /c/Source/iverilog-install/bin/vvp
:ivl_version "12.0 (devel)" "(s20150603-1539-g2693dd32b)";
:ivl_delay_selection "TYPICAL";
:vpi_time_precision + 0;
:vpi_module "C:\iverilog\lib\ivl\system.vpi";
:vpi_module "C:\iverilog\lib\ivl\vhdl_sys.vpi";
:vpi_module "C:\iverilog\lib\ivl\vhdl_textio.vpi";
:vpi_module "C:\iverilog\lib\ivl\v2005_math.vpi";
:vpi_module "C:\iverilog\lib\ivl\va_math.vpi";
S_000001c91a9eb5c0 .scope module, "four_bit_subtractor" "four_bit_subtractor" 2 1;
 .timescale 0 0;
    .port_info 0 /INPUT 4 "A";
    .port_info 1 /INPUT 4 "B";
    .port_info 2 /OUTPUT 4 "DIFF";
    .port_info 3 /OUTPUT 1 "BORROW";
L_000001c91a9eab00 .functor NOT 5, L_000001c91aa327a0, C4<00000>, C4<00000>, C4<00000>;
L_000001c91aa349d0 .functor NOT 1, L_000001c91aa31f80, C4<0>, C4<0>, C4<0>;
o000001c91aa36f98 .functor BUFZ 4, C4<zzzz>; HiZ drive
v000001c91aa02ed0_0 .net "A", 3 0, o000001c91aa36f98;  0 drivers
o000001c91aa36fc8 .functor BUFZ 4, C4<zzzz>; HiZ drive
v000001c91aa02ae0_0 .net "B", 3 0, o000001c91aa36fc8;  0 drivers
v000001c91a9eaa60_0 .net "BORROW", 0 0, L_000001c91aa349d0;  1 drivers
v000001c91a9ee3d0_0 .net "DIFF", 3 0, L_000001c91aa32340;  1 drivers
L_000001c91aa78018 .functor BUFT 1, C4<0>, C4<0>, C4<0>, C4<0>;
v000001c91a9ee470_0 .net/2u *"_ivl_0", 0 0, L_000001c91aa78018;  1 drivers
v000001c91a9ee510_0 .net *"_ivl_10", 4 0, L_000001c91aa31e40;  1 drivers
L_000001c91aa780a8 .functor BUFT 1, C4<00001>, C4<0>, C4<0>, C4<0>;
v000001c91a9ee5b0_0 .net/2u *"_ivl_12", 4 0, L_000001c91aa780a8;  1 drivers
v000001c91a9ee650_0 .net *"_ivl_19", 0 0, L_000001c91aa31f80;  1 drivers
v000001c91a9ee6f0_0 .net *"_ivl_2", 4 0, L_000001c91aa32700;  1 drivers
L_000001c91aa78060 .functor BUFT 1, C4<0>, C4<0>, C4<0>, C4<0>;
v000001c91a9ee820_0 .net/2u *"_ivl_4", 0 0, L_000001c91aa78060;  1 drivers
v000001c91aa31ee0_0 .net *"_ivl_6", 4 0, L_000001c91aa327a0;  1 drivers
v000001c91aa319e0_0 .net *"_ivl_8", 4 0, L_000001c91a9eab00;  1 drivers
v000001c91aa31da0_0 .net "result", 4 0, L_000001c91aa32660;  1 drivers
L_000001c91aa32700 .concat [ 4 1 0 0], o000001c91aa36f98, L_000001c91aa78018;
L_000001c91aa327a0 .concat [ 4 1 0 0], o000001c91aa36fc8, L_000001c91aa78060;
L_000001c91aa31e40 .arith/sum 5, L_000001c91aa32700, L_000001c91a9eab00;
L_000001c91aa32660 .arith/sum 5, L_000001c91aa31e40, L_000001c91aa780a8;
L_000001c91aa32340 .part L_000001c91aa32660, 0, 4;
L_000001c91aa31f80 .part L_000001c91aa32660, 4, 1;
# The file index is used to find the file name in the following table.
:file_names 3;
    "N/A";
    "<interactive>";
    "4_bit_subractor.v";
